number,value,datetime_start,datetime_complete,duration,params_changepoint_prior_scale,params_seasonality_prior_scale,state,model,params_epochs,params_hidden_dim,params_lookback,params_lr
0,302.8052,2026-10-08 11:35:25.398213,2026-10-08 11:35:26.270674,0 days 00:00:00.872461,0.05,1.0,COMPLETE,Prophet,,,,
1,324.2727,2026-10-08 11:35:26.270674,2026-10-08 11:35:26.757546,0 days 00:00:00.486872,0.01,1.0,COMPLETE,Prophet,,,,
2,253.1209,2026-10-08 11:35:26.757546,2026-10-08 11:35:27.178307,0 days 00:00:00.420761,0.5,10.0,COMPLETE,Prophet,,,,
3,252.4936,2026-10-08 11:35:27.178307,2026-10-08 11:35:27.610812,0 days 00:00:00.432505,0.5,1.0,COMPLETE,Prophet,,,,
4,281.1766,2026-10-08 11:35:27.610812,2026-10-08 11:35:27.976391,0 days 00:00:00.365579,0.1,10.0,COMPLETE,Prophet,,,,
5,320.1547,2026-10-08 11:35:27.976391,2026-10-08 11:35:28.394851,0 days 00:00:00.418460,0.01,10.0,COMPLETE,Prophet,,,,
6,304.3797,2026-10-08 11:35:28.394851,2026-10-08 11:35:28.777396,0 days 00:00:00.382545,0.05,10.0,COMPLETE,Prophet,,,,
7,304.3797,2026-10-08 11:35:28.777396,2026-10-08 11:35:29.184860,0 days 00:00:00.407464,0.05,10.0,COMPLETE,Prophet,,,,
0,248.5914,2026-10-08 11:35:29.184860,2026-10-08 11:35:32.903611,0 days 00:00:03.718751,,,COMPLETE,LSTM,15.0,16.0,30.0,0.01
1,254.7834,2026-10-08 11:35:32.903611,2026-10-08 11:35:34.054130,0 days 00:00:01.150519,,,COMPLETE,LSTM,15.0,64.0,14.0,0.005
2,304.1811,2026-10-08 11:35:34.054130,2026-10-08 11:35:35.306058,0 days 00:00:01.251928,,,COMPLETE,LSTM,15.0,16.0,45.0,0.02
3,248.0453,2026-10-08 11:35:35.306058,2026-10-08 11:35:37.557946,0 days 00:00:02.251888,,,COMPLETE,LSTM,20.0,64.0,30.0,0.02
4,263.7903,2026-10-08 11:35:37.557946,2026-10-08 11:35:38.801274,0 days 00:00:01.243328,,,COMPLETE,LSTM,15.0,32.0,30.0,0.005
5,280.6211,2026-10-08 11:35:38.801274,2026-10-08 11:35:40.355226,0 days 00:00:01.553952,,,COMPLETE,LSTM,20.0,64.0,14.0,0.01
6,277.4721,2026-10-08 11:35:40.355226,2026-10-08 11:35:41.782194,0 days 00:00:01.426968,,,COMPLETE,LSTM,20.0,16.0,30.0,0.01
7,250.9773,2026-10-08 11:35:41.782194,2026-10-08 11:35:42.824765,0 days 00:00:01.042571,,,COMPLETE,LSTM,15.0,16.0,30.0,0.02
